Arguments: 
  C:\Program Files\nodejs\node.exe C:\Users\osangel\AppData\Roaming\npm\node_modules\yarn\bin\yarn.js android

PATH: 
  C:\ProgramData\Oracle\Java\javapath;C:\Program Files\ImageMagick-7.0.1-Q16;C:\Python27\;C:\Python27\Scripts;C:\WINDOWS\system32;C:\WINDOWS;C:\WINDOWS\System32\Wbem;C:\WINDOWS\System32\WindowsPowerShell\v1.0\;C:\Program Files\MongoDB\Server\3.6\bin;C:\Program Files\ffmpeg\bin;C:\Program Files\Java\jdk1.8.0_131\bin;C:\Program Files\dotnet\;C:\PATH;C:\Android\android-sdk\platform-tools;C:\Android\android-sdk\tools;C:\Program Files\Java\jdk1.8.0_131\bin;C:\Program Files\Java\jdk1.8.0_131\jre\bin;C:\Program Files\nodejs\;C:\Program Files\Git\cmd;C:\Users\osangel\AppData\Local\Microsoft\WindowsApps;;C:\Program Files\Microsoft VS Code\bin;C:\Users\osangel\AppData\Roaming\npm

Yarn version: 
  1.5.1

Node version: 
  9.7.1

Platform: 
  win32 x64

npm manifest: 
  {
    "name": "Elm",
    "version": "0.0.1",
    "private": true,
    "author": "Lei",
    "scripts": {
      "start": "node node_modules/react-native/local-cli/cli.js start",
      "test": "jest"
    },
    "dependencies": {
      "react": "15.4.2",
      "react-native": "^0.40.0",
      "react-native-blur": "^2.0.0",
      "react-native-parabolic": "^1.1.1",
      "react-native-scrollable-tab-view": "^0.7.1",
      "react-native-splash-screen": "^2.0.0",
      "react-native-swiper": "^1.5.4",
      "react-native-tab-navigator": "^0.3.3",
      "react-native-vector-icons": "^4.0.0"
    },
    "devDependencies": {
      "babel-jest": "18.0.0",
      "babel-preset-react-native": "1.9.1",
      "jest": "18.1.0",
      "react-test-renderer": "15.4.2"
    },
    "jest": {
      "preset": "react-native"
    }
  }

yarn manifest: 
  No manifest

Lockfile: 
  No lockfile

Trace: 
  Error: Command "android" not found.
      at new MessageError (C:\Users\osangel\AppData\Roaming\npm\node_modules\yarn\lib\cli.js:186:110)
      at C:\Users\osangel\AppData\Roaming\npm\node_modules\yarn\lib\cli.js:87307:17
      at Generator.next (<anonymous>)
      at step (C:\Users\osangel\AppData\Roaming\npm\node_modules\yarn\lib\cli.js:98:30)
      at C:\Users\osangel\AppData\Roaming\npm\node_modules\yarn\lib\cli.js:116:14
      at new Promise (<anonymous>)
      at new F (C:\Users\osangel\AppData\Roaming\npm\node_modules\yarn\lib\cli.js:23451:28)
      at C:\Users\osangel\AppData\Roaming\npm\node_modules\yarn\lib\cli.js:95:12
      at runCommand (C:\Users\osangel\AppData\Roaming\npm\node_modules\yarn\lib\cli.js:87312:22)
      at Object.<anonymous> (C:\Users\osangel\AppData\Roaming\npm\node_modules\yarn\lib\cli.js:87412:14)
